d:\cpp\project\cppstudy\cppstudy\debug\16pointer.i
d:\cpp\project\cppstudy\cppstudy\debug\17reference.i
d:\cpp\project\cppstudy\cppstudy\debug\34const.i
d:\cpp\project\cppstudy\cppstudy\debug\44smartpointer.i
d:\cpp\project\cppstudy\cppstudy\debug\53template.i
d:\cpp\project\cppstudy\cppstudy\debug\54pileandstack.i
d:\cpp\project\cppstudy\cppstudy\debug\55definecpp.i
d:\cpp\project\cppstudy\cppstudy\debug\56auto.i
d:\cpp\project\cppstudy\cppstudy\debug\57stdarray.i
d:\cpp\project\cppstudy\cppstudy\debug\58rawfuntionpointer.i
d:\cpp\project\cppstudy\cppstudy\debug\59lambda.i
d:\cpp\project\cppstudy\cppstudy\debug\60usingstd.i
d:\cpp\project\cppstudy\cppstudy\debug\61namespace.i
d:\cpp\project\cppstudy\cppstudy\debug\62thread.i
d:\cpp\project\cppstudy\cppstudy\debug\63time.i
d:\cpp\project\cppstudy\cppstudy\debug\64multidimensionalarray.i
d:\cpp\project\cppstudy\cppstudy\debug\65sort.i
d:\cpp\project\cppstudy\cppstudy\debug\66bypassttype.i
d:\cpp\project\cppstudy\cppstudy\debug\67union.i
d:\cpp\project\cppstudy\cppstudy\debug\68virtualdestructor.i
d:\cpp\project\cppstudy\cppstudy\debug\69typeconversion.i
d:\cpp\project\cppstudy\cppstudy\debug\70conditionsandoperationbreakpoints.i
d:\cpp\project\cppstudy\cppstudy\debug\71safe.i
d:\cpp\project\cppstudy\cppstudy\17reference.i
d:\cpp\project\cppstudy\cppstudy\34const.i
d:\cpp\project\cppstudy\cppstudy\44smartpointer.i
d:\cpp\project\cppstudy\cppstudy\53template.i
d:\cpp\project\cppstudy\cppstudy\54pileandstack.i
d:\cpp\project\cppstudy\cppstudy\55definecpp.i
d:\cpp\project\cppstudy\cppstudy\56auto.i
d:\cpp\project\cppstudy\cppstudy\57stdarray.i
d:\cpp\project\cppstudy\cppstudy\58rawfuntionpointer.i
d:\cpp\project\cppstudy\cppstudy\59lambda.i
d:\cpp\project\cppstudy\cppstudy\60usingstd.i
d:\cpp\project\cppstudy\cppstudy\61namespace.i
d:\cpp\project\cppstudy\cppstudy\62thread.i
d:\cpp\project\cppstudy\cppstudy\63time.i
d:\cpp\project\cppstudy\cppstudy\64multidimensionalarray.i
d:\cpp\project\cppstudy\cppstudy\65sort.i
d:\cpp\project\cppstudy\cppstudy\66bypassttype.i
d:\cpp\project\cppstudy\cppstudy\67union.i
d:\cpp\project\cppstudy\cppstudy\68virtualdestructor.i
d:\cpp\project\cppstudy\cppstudy\69typeconversion.i
d:\cpp\project\cppstudy\cppstudy\70conditionsandoperationbreakpoints.i
d:\cpp\project\cppstudy\cppstudy\71safe.i
d:\cpp\project\cppstudy\cppstudy\debug\vc142.pdb
d:\cpp\project\cppstudy\cppstudy\debug\vc142.idb
d:\cpp\project\cppstudy\cppstudy\debug\72pch.obj
d:\cpp\project\cppstudy\cppstudy\debug\68virtualdestructor.obj
d:\cpp\project\cppstudy\cppstudy\debug\67union.obj
d:\cpp\project\cppstudy\cppstudy\debug\66bypassttype.obj
d:\cpp\project\cppstudy\cppstudy\debug\65sort.obj
d:\cpp\project\cppstudy\cppstudy\debug\64multidimensionalarray.obj
d:\cpp\project\cppstudy\cppstudy\debug\63time.obj
d:\cpp\project\cppstudy\cppstudy\debug\62thread.obj
d:\cpp\project\cppstudy\cppstudy\debug\61namespace.obj
d:\cpp\project\cppstudy\cppstudy\debug\60usingstd.obj
d:\cpp\project\cppstudy\cppstudy\debug\59lambda.obj
d:\cpp\project\cppstudy\cppstudy\debug\58rawfuntionpointer.obj
d:\cpp\project\cppstudy\cppstudy\debug\57stdarray.obj
d:\cpp\project\cppstudy\cppstudy\debug\56auto.obj
d:\cpp\project\cppstudy\cppstudy\debug\55definecpp.obj
d:\cpp\project\cppstudy\cppstudy\debug\54pileandstack.obj
d:\cpp\project\cppstudy\cppstudy\debug\53template.obj
d:\cpp\project\cppstudy\cppstudy\debug\44smartpointer.obj
d:\cpp\project\cppstudy\cppstudy\debug\34const.obj
d:\cpp\project\cppstudy\cppstudy\debug\17reference.obj
d:\cpp\project\cppstudy\cppstudy\debug\16pointer.obj
d:\cpp\project\cppstudy\cppstudy\debug\71safe.obj
d:\cpp\project\cppstudy\cppstudy\debug\70conditionsandoperationbreakpoints.obj
d:\cpp\project\cppstudy\cppstudy\debug\69typeconversion.obj
d:\cpp\project\cppstudy\cppstudy\debug\cppstudy.ilk
d:\cpp\project\cppstudy\cppstudy\debug\cppstudy.exe
d:\cpp\project\cppstudy\cppstudy\debug\cppstudy.pdb
d:\cpp\project\cppstudy\cppstudy\debug\cppstudy.tlog\cl.command.1.tlog
d:\cpp\project\cppstudy\cppstudy\debug\cppstudy.tlog\cl.read.1.tlog
d:\cpp\project\cppstudy\cppstudy\debug\cppstudy.tlog\cl.write.1.tlog
d:\cpp\project\cppstudy\cppstudy\debug\cppstudy.tlog\link.command.1.tlog
d:\cpp\project\cppstudy\cppstudy\debug\cppstudy.tlog\link.read.1.tlog
d:\cpp\project\cppstudy\cppstudy\debug\cppstudy.tlog\link.write.1.tlog
